app/build/intermediates/manifest_merge_blame_file/release/processReleaseMainManifest/manifest-merger-blame-release-report.txt
1<?xml version="1.0" encoding="utf-8"?>
2<manifest xmlns:android="http://schemas.android.com/apk/res/android"
3    package="com.yourteam.nextstop"
4    android:versionCode="1"
5    android:versionName="1.0" >
6
7    <uses-sdk
8        android:minSdkVersion="26"
9        android:targetSdkVersion="35" />
10
11    <!-- Location permissions for FusedLocationProviderClient -->
12    <uses-permission android:name="android.permission.ACCESS_FINE_LOCATION" />
12-->src/main/AndroidManifest.xml:6:5-79
12-->src/main/AndroidManifest.xml:6:22-76
13    <uses-permission android:name="android.permission.ACCESS_COARSE_LOCATION" />
13-->src/main/AndroidManifest.xml:7:5-81
13-->src/main/AndroidManifest.xml:7:22-78
14
15    <!-- Foreground service for background location tracking -->
16    <uses-permission android:name="android.permission.FOREGROUND_SERVICE" />
16-->src/main/AndroidManifest.xml:10:5-77
16-->src/main/AndroidManifest.xml:10:22-74
17
18    <!-- Network access for Firebase, Maps, and API calls -->
19    <uses-permission android:name="android.permission.INTERNET" />
19-->src/main/AndroidManifest.xml:13:5-67
19-->src/main/AndroidManifest.xml:13:22-64
20
21    <!-- Push notification permission (Android 13+) -->
22    <uses-permission android:name="android.permission.POST_NOTIFICATIONS" />
22-->src/main/AndroidManifest.xml:16:5-77
22-->src/main/AndroidManifest.xml:16:22-74
23
24    <!-- Although the *SdkVersion is captured in gradle build files, this is required for non gradle builds -->
25    <!-- <uses-sdk android:minSdkVersion="21"/> -->
26    <uses-permission android:name="android.permission.ACCESS_NETWORK_STATE" />
26-->[com.google.firebase:firebase-database:21.0.0] AndroidManifest.xml:22:5-79
26-->[com.google.firebase:firebase-database:21.0.0] AndroidManifest.xml:22:22-76
27    <uses-permission android:name="android.permission.WAKE_LOCK" /> <!-- Required by older versions of Google Play services to create IID tokens -->
27-->[com.google.firebase:firebase-messaging:24.0.0] AndroidManifest.xml:24:5-68
27-->[com.google.firebase:firebase-messaging:24.0.0] AndroidManifest.xml:24:22-65
28    <uses-permission android:name="com.google.android.c2dm.permission.RECEIVE" />
28-->[com.google.firebase:firebase-messaging:24.0.0] AndroidManifest.xml:26:5-82
28-->[com.google.firebase:firebase-messaging:24.0.0] AndroidManifest.xml:26:22-79
29
30    <uses-feature
30-->[com.google.android.gms:play-services-maps:19.0.0] AndroidManifest.xml:26:5-28:35
31        android:glEsVersion="0x00020000"
31-->[com.google.android.gms:play-services-maps:19.0.0] AndroidManifest.xml:27:9-41
32        android:required="true" />
32-->[com.google.android.gms:play-services-maps:19.0.0] AndroidManifest.xml:28:9-32
33
34    <queries>
34-->[com.google.android.gms:play-services-maps:19.0.0] AndroidManifest.xml:30:5-34:15
35
36        <!-- Needs to be explicitly declared on Android R+ -->
37        <package android:name="com.google.android.apps.maps" />
37-->[com.google.android.gms:play-services-maps:19.0.0] AndroidManifest.xml:33:9-64
37-->[com.google.android.gms:play-services-maps:19.0.0] AndroidManifest.xml:33:18-61
38    </queries>
39
40    <uses-permission android:name="com.google.android.providers.gsf.permission.READ_GSERVICES" />
40-->[com.google.android.recaptcha:recaptcha:18.4.0] AndroidManifest.xml:9:5-98
40-->[com.google.android.recaptcha:recaptcha:18.4.0] AndroidManifest.xml:9:22-95
41
42    <permission
42-->[androidx.core:core:1.13.1] AndroidManifest.xml:22:5-24:47
43        android:name="com.yourteam.nextstop.DYNAMIC_RECEIVER_NOT_EXPORTED_PERMISSION"
43-->[androidx.core:core:1.13.1] AndroidManifest.xml:23:9-81
44        android:protectionLevel="signature" />
44-->[androidx.core:core:1.13.1] AndroidManifest.xml:24:9-44
45
46    <uses-permission android:name="com.yourteam.nextstop.DYNAMIC_RECEIVER_NOT_EXPORTED_PERMISSION" />
46-->[androidx.core:core:1.13.1] AndroidManifest.xml:26:5-97
46-->[androidx.core:core:1.13.1] AndroidManifest.xml:26:22-94
47
48    <application
48-->src/main/AndroidManifest.xml:18:5-38:19
49        android:name="com.yourteam.nextstop.NextStopApplication"
49-->src/main/AndroidManifest.xml:19:9-44
50        android:allowBackup="true"
50-->src/main/AndroidManifest.xml:20:9-35
51        android:appComponentFactory="androidx.core.app.CoreComponentFactory"
51-->[androidx.core:core:1.13.1] AndroidManifest.xml:28:18-86
52        android:extractNativeLibs="false"
53        android:icon="@mipmap/ic_launcher"
53-->src/main/AndroidManifest.xml:21:9-43
54        android:label="@string/app_name"
54-->src/main/AndroidManifest.xml:22:9-41
55        android:roundIcon="@mipmap/ic_launcher_round"
55-->src/main/AndroidManifest.xml:23:9-54
56        android:supportsRtl="true"
56-->src/main/AndroidManifest.xml:24:9-35
57        android:theme="@style/Theme.NextStop" >
57-->src/main/AndroidManifest.xml:25:9-46
58        <activity
58-->src/main/AndroidManifest.xml:28:9-36:20
59            android:name="com.yourteam.nextstop.MainActivity"
59-->src/main/AndroidManifest.xml:29:13-41
60            android:exported="true"
60-->src/main/AndroidManifest.xml:30:13-36
61            android:theme="@style/Theme.NextStop" >
61-->src/main/AndroidManifest.xml:31:13-50
62            <intent-filter>
62-->src/main/AndroidManifest.xml:32:13-35:29
63                <action android:name="android.intent.action.MAIN" />
63-->src/main/AndroidManifest.xml:33:17-69
63-->src/main/AndroidManifest.xml:33:25-66
64
65                <category android:name="android.intent.category.LAUNCHER" />
65-->src/main/AndroidManifest.xml:34:17-77
65-->src/main/AndroidManifest.xml:34:27-74
66            </intent-filter>
67        </activity>
68
69        <service
69-->[com.google.firebase:firebase-database-ktx:21.0.0] AndroidManifest.xml:9:9-15:19
70            android:name="com.google.firebase.components.ComponentDiscoveryService"
70-->[com.google.firebase:firebase-database-ktx:21.0.0] AndroidManifest.xml:10:13-84
71            android:directBootAware="true"
71-->[com.google.firebase:firebase-common:21.0.0] AndroidManifest.xml:32:13-43
72            android:exported="false" >
72-->[com.google.firebase:firebase-database-ktx:21.0.0] AndroidManifest.xml:11:13-37
73            <meta-data
73-->[com.google.firebase:firebase-database-ktx:21.0.0] AndroidManifest.xml:12:13-14:85
74                android:name="com.google.firebase.components:com.google.firebase.database.ktx.FirebaseDatabaseLegacyRegistrar"
74-->[com.google.firebase:firebase-database-ktx:21.0.0] AndroidManifest.xml:13:17-127
75                android:value="com.google.firebase.components.ComponentRegistrar" />
75-->[com.google.firebase:firebase-database-ktx:21.0.0] AndroidManifest.xml:14:17-82
76            <meta-data
76-->[com.google.firebase:firebase-database:21.0.0] AndroidManifest.xml:29:13-31:85
77                android:name="com.google.firebase.components:com.google.firebase.database.FirebaseDatabaseKtxRegistrar"
77-->[com.google.firebase:firebase-database:21.0.0] AndroidManifest.xml:30:17-120
78                android:value="com.google.firebase.components.ComponentRegistrar" />
78-->[com.google.firebase:firebase-database:21.0.0] AndroidManifest.xml:31:17-82
79            <meta-data
79-->[com.google.firebase:firebase-database:21.0.0] AndroidManifest.xml:32:13-34:85
80                android:name="com.google.firebase.components:com.google.firebase.database.DatabaseRegistrar"
80-->[com.google.firebase:firebase-database:21.0.0] AndroidManifest.xml:33:17-109
81                android:value="com.google.firebase.components.ComponentRegistrar" />
81-->[com.google.firebase:firebase-database:21.0.0] AndroidManifest.xml:34:17-82
82            <meta-data
82-->[com.google.firebase:firebase-firestore-ktx:25.0.0] AndroidManifest.xml:12:13-14:85
83                android:name="com.google.firebase.components:com.google.firebase.firestore.ktx.FirebaseFirestoreLegacyRegistrar"
83-->[com.google.firebase:firebase-firestore-ktx:25.0.0] AndroidManifest.xml:13:17-129
84                android:value="com.google.firebase.components.ComponentRegistrar" />
84-->[com.google.firebase:firebase-firestore-ktx:25.0.0] AndroidManifest.xml:14:17-82
85            <meta-data
85-->[com.google.firebase:firebase-firestore:25.0.0] AndroidManifest.xml:17:13-19:85
86                android:name="com.google.firebase.components:com.google.firebase.firestore.FirebaseFirestoreKtxRegistrar"
86-->[com.google.firebase:firebase-firestore:25.0.0] AndroidManifest.xml:18:17-122
87                android:value="com.google.firebase.components.ComponentRegistrar" />
87-->[com.google.firebase:firebase-firestore:25.0.0] AndroidManifest.xml:19:17-82
88            <meta-data
88-->[com.google.firebase:firebase-firestore:25.0.0] AndroidManifest.xml:20:13-22:85
89                android:name="com.google.firebase.components:com.google.firebase.firestore.FirestoreRegistrar"
89-->[com.google.firebase:firebase-firestore:25.0.0] AndroidManifest.xml:21:17-111
90                android:value="com.google.firebase.components.ComponentRegistrar" />
90-->[com.google.firebase:firebase-firestore:25.0.0] AndroidManifest.xml:22:17-82
91            <meta-data
91-->[com.google.firebase:firebase-messaging-ktx:24.0.0] AndroidManifest.xml:26:13-28:85
92                android:name="com.google.firebase.components:com.google.firebase.messaging.ktx.FirebaseMessagingLegacyRegistrar"
92-->[com.google.firebase:firebase-messaging-ktx:24.0.0] AndroidManifest.xml:27:17-129
93                android:value="com.google.firebase.components.ComponentRegistrar" />
93-->[com.google.firebase:firebase-messaging-ktx:24.0.0] AndroidManifest.xml:28:17-82
94            <meta-data
94-->[com.google.firebase:firebase-messaging:24.0.0] AndroidManifest.xml:57:13-59:85
95                android:name="com.google.firebase.components:com.google.firebase.messaging.FirebaseMessagingKtxRegistrar"
95-->[com.google.firebase:firebase-messaging:24.0.0] AndroidManifest.xml:58:17-122
96                android:value="com.google.firebase.components.ComponentRegistrar" />
96-->[com.google.firebase:firebase-messaging:24.0.0] AndroidManifest.xml:59:17-82
97            <meta-data
97-->[com.google.firebase:firebase-messaging:24.0.0] AndroidManifest.xml:60:13-62:85
98                android:name="com.google.firebase.components:com.google.firebase.messaging.FirebaseMessagingRegistrar"
98-->[com.google.firebase:firebase-messaging:24.0.0] AndroidManifest.xml:61:17-119
99                android:value="com.google.firebase.components.ComponentRegistrar" />
99-->[com.google.firebase:firebase-messaging:24.0.0] AndroidManifest.xml:62:17-82
100            <meta-data
100-->[com.google.firebase:firebase-auth-ktx:23.0.0] AndroidManifest.xml:11:13-13:85
101                android:name="com.google.firebase.components:com.google.firebase.auth.ktx.FirebaseAuthLegacyRegistrar"
101-->[com.google.firebase:firebase-auth-ktx:23.0.0] AndroidManifest.xml:12:17-119
102                android:value="com.google.firebase.components.ComponentRegistrar" />
102-->[com.google.firebase:firebase-auth-ktx:23.0.0] AndroidManifest.xml:13:17-82
103            <meta-data
103-->[com.google.firebase:firebase-auth:23.0.0] AndroidManifest.xml:69:13-71:85
104                android:name="com.google.firebase.components:com.google.firebase.auth.FirebaseAuthRegistrar"
104-->[com.google.firebase:firebase-auth:23.0.0] AndroidManifest.xml:70:17-109
105                android:value="com.google.firebase.components.ComponentRegistrar" />
105-->[com.google.firebase:firebase-auth:23.0.0] AndroidManifest.xml:71:17-82
106            <meta-data
106-->[com.google.firebase:firebase-installations:18.0.0] AndroidManifest.xml:15:13-17:85
107                android:name="com.google.firebase.components:com.google.firebase.installations.FirebaseInstallationsKtxRegistrar"
107-->[com.google.firebase:firebase-installations:18.0.0] AndroidManifest.xml:16:17-130
108                android:value="com.google.firebase.components.ComponentRegistrar" />
108-->[com.google.firebase:firebase-installations:18.0.0] AndroidManifest.xml:17:17-82
109            <meta-data
109-->[com.google.firebase:firebase-installations:18.0.0] AndroidManifest.xml:18:13-20:85
110                android:name="com.google.firebase.components:com.google.firebase.installations.FirebaseInstallationsRegistrar"
110-->[com.google.firebase:firebase-installations:18.0.0] AndroidManifest.xml:19:17-127
111                android:value="com.google.firebase.components.ComponentRegistrar" />
111-->[com.google.firebase:firebase-installations:18.0.0] AndroidManifest.xml:20:17-82
112            <meta-data
112-->[com.google.firebase:firebase-common-ktx:21.0.0] AndroidManifest.xml:12:13-14:85
113                android:name="com.google.firebase.components:com.google.firebase.ktx.FirebaseCommonLegacyRegistrar"
113-->[com.google.firebase:firebase-common-ktx:21.0.0] AndroidManifest.xml:13:17-116
114                android:value="com.google.firebase.components.ComponentRegistrar" />
114-->[com.google.firebase:firebase-common-ktx:21.0.0] AndroidManifest.xml:14:17-82
115            <meta-data
115-->[com.google.firebase:firebase-common:21.0.0] AndroidManifest.xml:35:13-37:85
116                android:name="com.google.firebase.components:com.google.firebase.FirebaseCommonKtxRegistrar"
116-->[com.google.firebase:firebase-common:21.0.0] AndroidManifest.xml:36:17-109
117                android:value="com.google.firebase.components.ComponentRegistrar" />
117-->[com.google.firebase:firebase-common:21.0.0] AndroidManifest.xml:37:17-82
118            <meta-data
118-->[com.google.firebase:firebase-datatransport:18.2.0] AndroidManifest.xml:25:13-27:85
119                android:name="com.google.firebase.components:com.google.firebase.datatransport.TransportRegistrar"
119-->[com.google.firebase:firebase-datatransport:18.2.0] AndroidManifest.xml:26:17-115
120                android:value="com.google.firebase.components.ComponentRegistrar" />
120-->[com.google.firebase:firebase-datatransport:18.2.0] AndroidManifest.xml:27:17-82
121        </service>
122
123        <receiver
123-->[com.google.firebase:firebase-messaging:24.0.0] AndroidManifest.xml:29:9-40:20
124            android:name="com.google.firebase.iid.FirebaseInstanceIdReceiver"
124-->[com.google.firebase:firebase-messaging:24.0.0] AndroidManifest.xml:30:13-78
125            android:exported="true"
125-->[com.google.firebase:firebase-messaging:24.0.0] AndroidManifest.xml:31:13-36
126            android:permission="com.google.android.c2dm.permission.SEND" >
126-->[com.google.firebase:firebase-messaging:24.0.0] AndroidManifest.xml:32:13-73
127            <intent-filter>
127-->[com.google.firebase:firebase-messaging:24.0.0] AndroidManifest.xml:33:13-35:29
128                <action android:name="com.google.android.c2dm.intent.RECEIVE" />
128-->[com.google.firebase:firebase-messaging:24.0.0] AndroidManifest.xml:34:17-81
128-->[com.google.firebase:firebase-messaging:24.0.0] AndroidManifest.xml:34:25-78
129            </intent-filter>
130
131            <meta-data
131-->[com.google.firebase:firebase-messaging:24.0.0] AndroidManifest.xml:37:13-39:40
132                android:name="com.google.android.gms.cloudmessaging.FINISHED_AFTER_HANDLED"
132-->[com.google.firebase:firebase-messaging:24.0.0] AndroidManifest.xml:38:17-92
133                android:value="true" />
133-->[com.google.firebase:firebase-messaging:24.0.0] AndroidManifest.xml:39:17-37
134        </receiver>
135        <!--
136             FirebaseMessagingService performs security checks at runtime,
137             but set to not exported to explicitly avoid allowing another app to call it.
138        -->
139        <service
139-->[com.google.firebase:firebase-messaging:24.0.0] AndroidManifest.xml:46:9-53:19
140            android:name="com.google.firebase.messaging.FirebaseMessagingService"
140-->[com.google.firebase:firebase-messaging:24.0.0] AndroidManifest.xml:47:13-82
141            android:directBootAware="true"
141-->[com.google.firebase:firebase-messaging:24.0.0] AndroidManifest.xml:48:13-43
142            android:exported="false" >
142-->[com.google.firebase:firebase-messaging:24.0.0] AndroidManifest.xml:49:13-37
143            <intent-filter android:priority="-500" >
143-->[com.google.firebase:firebase-messaging:24.0.0] AndroidManifest.xml:50:13-52:29
143-->[com.google.firebase:firebase-messaging:24.0.0] AndroidManifest.xml:50:28-51
144                <action android:name="com.google.firebase.MESSAGING_EVENT" />
144-->[com.google.firebase:firebase-messaging:24.0.0] AndroidManifest.xml:51:17-78
144-->[com.google.firebase:firebase-messaging:24.0.0] AndroidManifest.xml:51:25-75
145            </intent-filter>
146        </service> <!-- Needs to be explicitly declared on P+ -->
147        <uses-library
147-->[com.google.android.gms:play-services-maps:19.0.0] AndroidManifest.xml:39:9-41:40
148            android:name="org.apache.http.legacy"
148-->[com.google.android.gms:play-services-maps:19.0.0] AndroidManifest.xml:40:13-50
149            android:required="false" />
149-->[com.google.android.gms:play-services-maps:19.0.0] AndroidManifest.xml:41:13-37
150
151        <activity
151-->[com.google.firebase:firebase-auth:23.0.0] AndroidManifest.xml:29:9-46:20
152            android:name="com.google.firebase.auth.internal.GenericIdpActivity"
152-->[com.google.firebase:firebase-auth:23.0.0] AndroidManifest.xml:30:13-80
153            android:excludeFromRecents="true"
153-->[com.google.firebase:firebase-auth:23.0.0] AndroidManifest.xml:31:13-46
154            android:exported="true"
154-->[com.google.firebase:firebase-auth:23.0.0] AndroidManifest.xml:32:13-36
155            android:launchMode="singleTask"
155-->[com.google.firebase:firebase-auth:23.0.0] AndroidManifest.xml:33:13-44
156            android:theme="@android:style/Theme.Translucent.NoTitleBar" >
156-->[com.google.firebase:firebase-auth:23.0.0] AndroidManifest.xml:34:13-72
157            <intent-filter>
157-->[com.google.firebase:firebase-auth:23.0.0] AndroidManifest.xml:35:13-45:29
158                <action android:name="android.intent.action.VIEW" />
158-->[com.google.firebase:firebase-auth:23.0.0] AndroidManifest.xml:36:17-69
158-->[com.google.firebase:firebase-auth:23.0.0] AndroidManifest.xml:36:25-66
159
160                <category android:name="android.intent.category.DEFAULT" />
160-->[com.google.firebase:firebase-auth:23.0.0] AndroidManifest.xml:38:17-76
160-->[com.google.firebase:firebase-auth:23.0.0] AndroidManifest.xml:38:27-73
161                <category android:name="android.intent.category.BROWSABLE" />
161-->[com.google.firebase:firebase-auth:23.0.0] AndroidManifest.xml:39:17-78
161-->[com.google.firebase:firebase-auth:23.0.0] AndroidManifest.xml:39:27-75
162
163                <data
163-->[com.google.firebase:firebase-auth:23.0.0] AndroidManifest.xml:41:17-44:51
164                    android:host="firebase.auth"
164-->[com.google.firebase:firebase-auth:23.0.0] AndroidManifest.xml:42:21-49
165                    android:path="/"
165-->[com.google.firebase:firebase-auth:23.0.0] AndroidManifest.xml:43:21-37
166                    android:scheme="genericidp" />
166-->[com.google.firebase:firebase-auth:23.0.0] AndroidManifest.xml:44:21-48
167            </intent-filter>
168        </activity>
169        <activity
169-->[com.google.firebase:firebase-auth:23.0.0] AndroidManifest.xml:47:9-64:20
170            android:name="com.google.firebase.auth.internal.RecaptchaActivity"
170-->[com.google.firebase:firebase-auth:23.0.0] AndroidManifest.xml:48:13-79
171            android:excludeFromRecents="true"
171-->[com.google.firebase:firebase-auth:23.0.0] AndroidManifest.xml:49:13-46
172            android:exported="true"
172-->[com.google.firebase:firebase-auth:23.0.0] AndroidManifest.xml:50:13-36
173            android:launchMode="singleTask"
173-->[com.google.firebase:firebase-auth:23.0.0] AndroidManifest.xml:51:13-44
174            android:theme="@android:style/Theme.Translucent.NoTitleBar" >
174-->[com.google.firebase:firebase-auth:23.0.0] AndroidManifest.xml:52:13-72
175            <intent-filter>
175-->[com.google.firebase:firebase-auth:23.0.0] AndroidManifest.xml:53:13-63:29
176                <action android:name="android.intent.action.VIEW" />
176-->[com.google.firebase:firebase-auth:23.0.0] AndroidManifest.xml:36:17-69
176-->[com.google.firebase:firebase-auth:23.0.0] AndroidManifest.xml:36:25-66
177
178                <category android:name="android.intent.category.DEFAULT" />
178-->[com.google.firebase:firebase-auth:23.0.0] AndroidManifest.xml:38:17-76
178-->[com.google.firebase:firebase-auth:23.0.0] AndroidManifest.xml:38:27-73
179                <category android:name="android.intent.category.BROWSABLE" />
179-->[com.google.firebase:firebase-auth:23.0.0] AndroidManifest.xml:39:17-78
179-->[com.google.firebase:firebase-auth:23.0.0] AndroidManifest.xml:39:27-75
180
181                <data
181-->[com.google.firebase:firebase-auth:23.0.0] AndroidManifest.xml:41:17-44:51
182                    android:host="firebase.auth"
182-->[com.google.firebase:firebase-auth:23.0.0] AndroidManifest.xml:42:21-49
183                    android:path="/"
183-->[com.google.firebase:firebase-auth:23.0.0] AndroidManifest.xml:43:21-37
184                    android:scheme="recaptcha" />
184-->[com.google.firebase:firebase-auth:23.0.0] AndroidManifest.xml:44:21-48
185            </intent-filter>
186        </activity>
187
188        <service
188-->[androidx.credentials:credentials-play-services-auth:1.2.0-rc01] AndroidManifest.xml:24:9-32:19
189            android:name="androidx.credentials.playservices.CredentialProviderMetadataHolder"
189-->[androidx.credentials:credentials-play-services-auth:1.2.0-rc01] AndroidManifest.xml:25:13-94
190            android:enabled="true"
190-->[androidx.credentials:credentials-play-services-auth:1.2.0-rc01] AndroidManifest.xml:26:13-35
191            android:exported="false" >
191-->[androidx.credentials:credentials-play-services-auth:1.2.0-rc01] AndroidManifest.xml:27:13-37
192            <meta-data
192-->[androidx.credentials:credentials-play-services-auth:1.2.0-rc01] AndroidManifest.xml:29:13-31:104
193                android:name="androidx.credentials.CREDENTIAL_PROVIDER_KEY"
193-->[androidx.credentials:credentials-play-services-auth:1.2.0-rc01] AndroidManifest.xml:30:17-76
194                android:value="androidx.credentials.playservices.CredentialProviderPlayServicesImpl" />
194-->[androidx.credentials:credentials-play-services-auth:1.2.0-rc01] AndroidManifest.xml:31:17-101
195        </service>
196
197        <activity
197-->[androidx.credentials:credentials-play-services-auth:1.2.0-rc01] AndroidManifest.xml:34:9-41:20
198            android:name="androidx.credentials.playservices.HiddenActivity"
198-->[androidx.credentials:credentials-play-services-auth:1.2.0-rc01] AndroidManifest.xml:35:13-76
199            android:configChanges="orientation|screenSize|screenLayout|keyboardHidden"
199-->[androidx.credentials:credentials-play-services-auth:1.2.0-rc01] AndroidManifest.xml:36:13-87
200            android:enabled="true"
200-->[androidx.credentials:credentials-play-services-auth:1.2.0-rc01] AndroidManifest.xml:37:13-35
201            android:exported="false"
201-->[androidx.credentials:credentials-play-services-auth:1.2.0-rc01] AndroidManifest.xml:38:13-37
202            android:fitsSystemWindows="true"
202-->[androidx.credentials:credentials-play-services-auth:1.2.0-rc01] AndroidManifest.xml:39:13-45
203            android:theme="@style/Theme.Hidden" >
203-->[androidx.credentials:credentials-play-services-auth:1.2.0-rc01] AndroidManifest.xml:40:13-48
204        </activity>
205        <activity
205-->[com.google.android.gms:play-services-auth:20.7.0] AndroidManifest.xml:23:9-27:75
206            android:name="com.google.android.gms.auth.api.signin.internal.SignInHubActivity"
206-->[com.google.android.gms:play-services-auth:20.7.0] AndroidManifest.xml:24:13-93
207            android:excludeFromRecents="true"
207-->[com.google.android.gms:play-services-auth:20.7.0] AndroidManifest.xml:25:13-46
208            android:exported="false"
208-->[com.google.android.gms:play-services-auth:20.7.0] AndroidManifest.xml:26:13-37
209            android:theme="@android:style/Theme.Translucent.NoTitleBar" />
209-->[com.google.android.gms:play-services-auth:20.7.0] AndroidManifest.xml:27:13-72
210        <!--
211            Service handling Google Sign-In user revocation. For apps that do not integrate with
212            Google Sign-In, this service will never be started.
213        -->
214        <service
214-->[com.google.android.gms:play-services-auth:20.7.0] AndroidManifest.xml:33:9-37:51
215            android:name="com.google.android.gms.auth.api.signin.RevocationBoundService"
215-->[com.google.android.gms:play-services-auth:20.7.0] AndroidManifest.xml:34:13-89
216            android:exported="true"
216-->[com.google.android.gms:play-services-auth:20.7.0] AndroidManifest.xml:35:13-36
217            android:permission="com.google.android.gms.auth.api.signin.permission.REVOCATION_NOTIFICATION"
217-->[com.google.android.gms:play-services-auth:20.7.0] AndroidManifest.xml:36:13-107
218            android:visibleToInstantApps="true" />
218-->[com.google.android.gms:play-services-auth:20.7.0] AndroidManifest.xml:37:13-48
219
220        <activity
220-->[com.google.android.gms:play-services-base:18.5.0] AndroidManifest.xml:5:9-173
221            android:name="com.google.android.gms.common.api.GoogleApiActivity"
221-->[com.google.android.gms:play-services-base:18.5.0] AndroidManifest.xml:5:19-85
222            android:exported="false"
222-->[com.google.android.gms:play-services-base:18.5.0] AndroidManifest.xml:5:146-170
223            android:theme="@android:style/Theme.Translucent.NoTitleBar" />
223-->[com.google.android.gms:play-services-base:18.5.0] AndroidManifest.xml:5:86-145
224
225        <provider
225-->[androidx.emoji2:emoji2:1.3.0] AndroidManifest.xml:24:9-32:20
226            android:name="androidx.startup.InitializationProvider"
226-->[androidx.emoji2:emoji2:1.3.0] AndroidManifest.xml:25:13-67
227            android:authorities="com.yourteam.nextstop.androidx-startup"
227-->[androidx.emoji2:emoji2:1.3.0] AndroidManifest.xml:26:13-68
228            android:exported="false" >
228-->[androidx.emoji2:emoji2:1.3.0] AndroidManifest.xml:27:13-37
229            <meta-data
229-->[androidx.emoji2:emoji2:1.3.0] AndroidManifest.xml:29:13-31:52
230                android:name="androidx.emoji2.text.EmojiCompatInitializer"
230-->[androidx.emoji2:emoji2:1.3.0] AndroidManifest.xml:30:17-75
231                android:value="androidx.startup" />
231-->[androidx.emoji2:emoji2:1.3.0] AndroidManifest.xml:31:17-49
232            <meta-data
232-->[androidx.lifecycle:lifecycle-process:2.8.3] AndroidManifest.xml:29:13-31:52
233                android:name="androidx.lifecycle.ProcessLifecycleInitializer"
233-->[androidx.lifecycle:lifecycle-process:2.8.3] AndroidManifest.xml:30:17-78
234                android:value="androidx.startup" />
234-->[androidx.lifecycle:lifecycle-process:2.8.3] AndroidManifest.xml:31:17-49
235            <meta-data
235-->[androidx.profileinstaller:profileinstaller:1.3.1] AndroidManifest.xml:29:13-31:52
236                android:name="androidx.profileinstaller.ProfileInstallerInitializer"
236-->[androidx.profileinstaller:profileinstaller:1.3.1] AndroidManifest.xml:30:17-85
237                android:value="androidx.startup" />
237-->[androidx.profileinstaller:profileinstaller:1.3.1] AndroidManifest.xml:31:17-49
238        </provider>
239        <provider
239-->[com.google.firebase:firebase-common:21.0.0] AndroidManifest.xml:23:9-28:39
240            android:name="com.google.firebase.provider.FirebaseInitProvider"
240-->[com.google.firebase:firebase-common:21.0.0] AndroidManifest.xml:24:13-77
241            android:authorities="com.yourteam.nextstop.firebaseinitprovider"
241-->[com.google.firebase:firebase-common:21.0.0] AndroidManifest.xml:25:13-72
242            android:directBootAware="true"
242-->[com.google.firebase:firebase-common:21.0.0] AndroidManifest.xml:26:13-43
243            android:exported="false"
243-->[com.google.firebase:firebase-common:21.0.0] AndroidManifest.xml:27:13-37
244            android:initOrder="100" />
244-->[com.google.firebase:firebase-common:21.0.0] AndroidManifest.xml:28:13-36
245
246        <meta-data
246-->[com.google.android.gms:play-services-basement:18.4.0] AndroidManifest.xml:6:9-122
247            android:name="com.google.android.gms.version"
247-->[com.google.android.gms:play-services-basement:18.4.0] AndroidManifest.xml:6:20-65
248            android:value="@integer/google_play_services_version" />
248-->[com.google.android.gms:play-services-basement:18.4.0] AndroidManifest.xml:6:66-119
249
250        <receiver
250-->[androidx.profileinstaller:profileinstaller:1.3.1] AndroidManifest.xml:34:9-52:20
251            android:name="androidx.profileinstaller.ProfileInstallReceiver"
251-->[androidx.profileinstaller:profileinstaller:1.3.1] AndroidManifest.xml:35:13-76
252            android:directBootAware="false"
252-->[androidx.profileinstaller:profileinstaller:1.3.1] AndroidManifest.xml:36:13-44
253            android:enabled="true"
253-->[androidx.profileinstaller:profileinstaller:1.3.1] AndroidManifest.xml:37:13-35
254            android:exported="true"
254-->[androidx.profileinstaller:profileinstaller:1.3.1] AndroidManifest.xml:38:13-36
255            android:permission="android.permission.DUMP" >
255-->[androidx.profileinstaller:profileinstaller:1.3.1] AndroidManifest.xml:39:13-57
256            <intent-filter>
256-->[androidx.profileinstaller:profileinstaller:1.3.1] AndroidManifest.xml:40:13-42:29
257                <action android:name="androidx.profileinstaller.action.INSTALL_PROFILE" />
257-->[androidx.profileinstaller:profileinstaller:1.3.1] AndroidManifest.xml:41:17-91
257-->[androidx.profileinstaller:profileinstaller:1.3.1] AndroidManifest.xml:41:25-88